2025-05-03 07:44:16.589 [main] INFO  c.s.a.SafetynetAlertsApplication - Starting SafetynetAlertsApplication using Java 17 with PID 13688 (C:\Users\Johan Labbe\Desktop\workspace\Java\OC\SafetyNet\alerts\alerts\target\classes started by Johan Labbe in C:\Users\Johan Labbe\Desktop\workspace\Java\OC\SafetyNet)
2025-05-03 07:44:16.594 [main] DEBUG c.s.a.SafetynetAlertsApplication - Running with Spring Boot v3.4.4, Spring v6.2.5
2025-05-03 07:44:16.595 [main] INFO  c.s.a.SafetynetAlertsApplication - No active profile set, falling back to 1 default profile: "default"
2025-05-03 07:44:17.527 [main] INFO  o.s.b.w.e.tomcat.TomcatWebServer - Tomcat initialized with port 8080 (http)
2025-05-03 07:44:17.537 [main] INFO  o.a.coyote.http11.Http11NioProtocol - Initializing ProtocolHandler ["http-nio-8080"]
2025-05-03 07:44:17.540 [main] INFO  o.a.catalina.core.StandardService - Starting service [Tomcat]
2025-05-03 07:44:17.540 [main] INFO  o.a.catalina.core.StandardEngine - Starting Servlet engine: [Apache Tomcat/10.1.39]
2025-05-03 07:44:17.594 [main] INFO  o.a.c.c.C.[Tomcat].[localhost].[/] - Initializing Spring embedded WebApplicationContext
2025-05-03 07:44:17.594 [main] INFO  o.s.b.w.s.c.ServletWebServerApplicationContext - Root WebApplicationContext: initialization completed in 950 ms
2025-05-03 07:44:17.663 [main] DEBUG c.safetynet.alerts.loader.DataLoader - Début du chargement des données depuis data.json.
2025-05-03 07:44:17.663 [main] DEBUG c.safetynet.alerts.loader.DataLoader - Les repositories ont été vidés.
2025-05-03 07:44:17.671 [main] DEBUG c.safetynet.alerts.loader.DataLoader - Lecture du fichier data.json en cours...
2025-05-03 07:44:17.733 [main] INFO  c.safetynet.alerts.loader.DataLoader - Chargement de 23 personnes
2025-05-03 07:44:17.735 [main] DEBUG c.safetynet.alerts.loader.DataLoader - Personne sauvegardée : John Boyd
2025-05-03 07:44:17.737 [main] DEBUG c.safetynet.alerts.loader.DataLoader - Personne sauvegardée : Jacob Boyd
2025-05-03 07:44:17.737 [main] DEBUG c.safetynet.alerts.loader.DataLoader - Personne sauvegardée : Tenley Boyd
2025-05-03 07:44:17.737 [main] DEBUG c.safetynet.alerts.loader.DataLoader - Personne sauvegardée : Roger Boyd
2025-05-03 07:44:17.737 [main] DEBUG c.safetynet.alerts.loader.DataLoader - Personne sauvegardée : Felicia Boyd
2025-05-03 07:44:17.737 [main] DEBUG c.safetynet.alerts.loader.DataLoader - Personne sauvegardée : Jonanathan Marrack
2025-05-03 07:44:17.738 [main] DEBUG c.safetynet.alerts.loader.DataLoader - Personne sauvegardée : Tessa Carman
2025-05-03 07:44:17.738 [main] DEBUG c.safetynet.alerts.loader.DataLoader - Personne sauvegardée : Peter Duncan
2025-05-03 07:44:17.738 [main] DEBUG c.safetynet.alerts.loader.DataLoader - Personne sauvegardée : Foster Shepard
2025-05-03 07:44:17.738 [main] DEBUG c.safetynet.alerts.loader.DataLoader - Personne sauvegardée : Tony Cooper
2025-05-03 07:44:17.738 [main] DEBUG c.safetynet.alerts.loader.DataLoader - Personne sauvegardée : Lily Cooper
2025-05-03 07:44:17.738 [main] DEBUG c.safetynet.alerts.loader.DataLoader - Personne sauvegardée : Sophia Zemicks
2025-05-03 07:44:17.738 [main] DEBUG c.safetynet.alerts.loader.DataLoader - Personne sauvegardée : Warren Zemicks
2025-05-03 07:44:17.739 [main] DEBUG c.safetynet.alerts.loader.DataLoader - Personne sauvegardée : Zach Zemicks
2025-05-03 07:44:17.739 [main] DEBUG c.safetynet.alerts.loader.DataLoader - Personne sauvegardée : Reginold Walker
2025-05-03 07:44:17.739 [main] DEBUG c.safetynet.alerts.loader.DataLoader - Personne sauvegardée : Jamie Peters
2025-05-03 07:44:17.739 [main] DEBUG c.safetynet.alerts.loader.DataLoader - Personne sauvegardée : Ron Peters
2025-05-03 07:44:17.739 [main] DEBUG c.safetynet.alerts.loader.DataLoader - Personne sauvegardée : Allison Boyd
2025-05-03 07:44:17.739 [main] DEBUG c.safetynet.alerts.loader.DataLoader - Personne sauvegardée : Brian Stelzer
2025-05-03 07:44:17.740 [main] DEBUG c.safetynet.alerts.loader.DataLoader - Personne sauvegardée : Shawna Stelzer
2025-05-03 07:44:17.740 [main] DEBUG c.safetynet.alerts.loader.DataLoader - Personne sauvegardée : Kendrik Stelzer
2025-05-03 07:44:17.740 [main] DEBUG c.safetynet.alerts.loader.DataLoader - Personne sauvegardée : Clive Ferguson
2025-05-03 07:44:17.740 [main] DEBUG c.safetynet.alerts.loader.DataLoader - Personne sauvegardée : Eric Cadigan
2025-05-03 07:44:17.740 [main] INFO  c.safetynet.alerts.loader.DataLoader - Chargement de 23 dossiers médicaux
2025-05-03 07:44:17.741 [main] DEBUG c.safetynet.alerts.loader.DataLoader - Dossier médical associé à : John Boyd
2025-05-03 07:44:17.741 [main] DEBUG c.safetynet.alerts.loader.DataLoader - Dossier médical associé à : Jacob Boyd
2025-05-03 07:44:17.741 [main] DEBUG c.safetynet.alerts.loader.DataLoader - Dossier médical associé à : Tenley Boyd
2025-05-03 07:44:17.741 [main] DEBUG c.safetynet.alerts.loader.DataLoader - Dossier médical associé à : Roger Boyd
2025-05-03 07:44:17.742 [main] DEBUG c.safetynet.alerts.loader.DataLoader - Dossier médical associé à : Felicia Boyd
2025-05-03 07:44:17.742 [main] DEBUG c.safetynet.alerts.loader.DataLoader - Dossier médical associé à : Jonanathan Marrack
2025-05-03 07:44:17.742 [main] DEBUG c.safetynet.alerts.loader.DataLoader - Dossier médical associé à : Tessa Carman
2025-05-03 07:44:17.742 [main] DEBUG c.safetynet.alerts.loader.DataLoader - Dossier médical associé à : Peter Duncan
2025-05-03 07:44:17.742 [main] DEBUG c.safetynet.alerts.loader.DataLoader - Dossier médical associé à : Foster Shepard
2025-05-03 07:44:17.742 [main] DEBUG c.safetynet.alerts.loader.DataLoader - Dossier médical associé à : Tony Cooper
2025-05-03 07:44:17.742 [main] DEBUG c.safetynet.alerts.loader.DataLoader - Dossier médical associé à : Lily Cooper
2025-05-03 07:44:17.743 [main] DEBUG c.safetynet.alerts.loader.DataLoader - Dossier médical associé à : Sophia Zemicks
2025-05-03 07:44:17.743 [main] DEBUG c.safetynet.alerts.loader.DataLoader - Dossier médical associé à : Warren Zemicks
2025-05-03 07:44:17.743 [main] DEBUG c.safetynet.alerts.loader.DataLoader - Dossier médical associé à : Zach Zemicks
2025-05-03 07:44:17.743 [main] DEBUG c.safetynet.alerts.loader.DataLoader - Dossier médical associé à : Reginold Walker
2025-05-03 07:44:17.743 [main] DEBUG c.safetynet.alerts.loader.DataLoader - Dossier médical associé à : Jamie Peters
2025-05-03 07:44:17.743 [main] DEBUG c.safetynet.alerts.loader.DataLoader - Dossier médical associé à : Ron Peters
2025-05-03 07:44:17.743 [main] DEBUG c.safetynet.alerts.loader.DataLoader - Dossier médical associé à : Allison Boyd
2025-05-03 07:44:17.744 [main] DEBUG c.safetynet.alerts.loader.DataLoader - Dossier médical associé à : Brian Stelzer
2025-05-03 07:44:17.744 [main] DEBUG c.safetynet.alerts.loader.DataLoader - Dossier médical associé à : Shawna Stelzer
2025-05-03 07:44:17.744 [main] DEBUG c.safetynet.alerts.loader.DataLoader - Dossier médical associé à : Kendrik Stelzer
2025-05-03 07:44:17.744 [main] DEBUG c.safetynet.alerts.loader.DataLoader - Dossier médical associé à : Clive Ferguson
2025-05-03 07:44:17.744 [main] DEBUG c.safetynet.alerts.loader.DataLoader - Dossier médical associé à : Eric Cadigan
2025-05-03 07:44:17.744 [main] INFO  c.safetynet.alerts.loader.DataLoader - Chargement de 13 casernes
2025-05-03 07:44:17.744 [main] DEBUG c.safetynet.alerts.loader.DataLoader - Caserne '3' associée à 5 personnes
2025-05-03 07:44:17.744 [main] DEBUG c.safetynet.alerts.loader.DataLoader - Caserne '2' associée à 1 personnes
2025-05-03 07:44:17.745 [main] DEBUG c.safetynet.alerts.loader.DataLoader - Caserne '3' associée à 1 personnes
2025-05-03 07:44:17.745 [main] DEBUG c.safetynet.alerts.loader.DataLoader - Caserne '1' associée à 1 personnes
2025-05-03 07:44:17.745 [main] DEBUG c.safetynet.alerts.loader.DataLoader - Caserne '3' associée à 2 personnes
2025-05-03 07:44:17.745 [main] DEBUG c.safetynet.alerts.loader.DataLoader - Caserne '3' associée à 3 personnes
2025-05-03 07:44:17.745 [main] DEBUG c.safetynet.alerts.loader.DataLoader - Caserne '4' associée à 1 personnes
2025-05-03 07:44:17.745 [main] DEBUG c.safetynet.alerts.loader.DataLoader - Caserne '2' associée à 3 personnes
2025-05-03 07:44:17.746 [main] DEBUG c.safetynet.alerts.loader.DataLoader - Caserne '1' associée à 2 personnes
2025-05-03 07:44:17.746 [main] DEBUG c.safetynet.alerts.loader.DataLoader - Caserne '4' associée à 3 personnes
2025-05-03 07:44:17.746 [main] DEBUG c.safetynet.alerts.loader.DataLoader - Caserne '1' associée à 3 personnes
2025-05-03 07:44:17.746 [main] DEBUG c.safetynet.alerts.loader.DataLoader - Caserne '3' associée à 2 personnes
2025-05-03 07:44:17.746 [main] DEBUG c.safetynet.alerts.loader.DataLoader - Caserne '2' associée à 1 personnes
2025-05-03 07:44:17.747 [main] INFO  c.safetynet.alerts.loader.DataLoader - Données chargées (data.json) avec succès.
2025-05-03 07:44:18.094 [main] INFO  o.a.coyote.http11.Http11NioProtocol - Starting ProtocolHandler ["http-nio-8080"]
2025-05-03 07:44:18.147 [main] INFO  o.s.b.w.e.tomcat.TomcatWebServer - Tomcat started on port 8080 (http) with context path '/'
2025-05-03 07:44:18.157 [main] INFO  c.s.a.SafetynetAlertsApplication - Started SafetynetAlertsApplication in 2.034 seconds (process running for 2.285)
2025-05-03 07:44:29.304 [http-nio-8080-exec-1] INFO  o.a.c.c.C.[Tomcat].[localhost].[/] - Initializing Spring DispatcherServlet 'dispatcherServlet'
2025-05-03 07:44:29.304 [http-nio-8080-exec-1] INFO  o.s.web.servlet.DispatcherServlet - Initializing Servlet 'dispatcherServlet'
2025-05-03 07:44:29.305 [http-nio-8080-exec-1] INFO  o.s.web.servlet.DispatcherServlet - Completed initialization in 1 ms
2025-05-03 07:44:29.350 [http-nio-8080-exec-1] ERROR c.s.a.service.DataPersistenceService - Erreur lors de la mise à jour du fichier data.json : alerts\alerts\src\ressources\data.json (Le chemin d’accès spécifié est introuvable)
java.io.FileNotFoundException: alerts\alerts\src\ressources\data.json (Le chemin d’accès spécifié est introuvable)
	at java.base/java.io.FileOutputStream.open0(Native Method)
	at java.base/java.io.FileOutputStream.open(FileOutputStream.java:293)
	at java.base/java.io.FileOutputStream.<init>(FileOutputStream.java:235)
	at java.base/java.io.FileOutputStream.<init>(FileOutputStream.java:184)
	at com.fasterxml.jackson.core.TokenStreamFactory._fileOutputStream(TokenStreamFactory.java:334)
	at com.fasterxml.jackson.core.JsonFactory.createGenerator(JsonFactory.java:1558)
	at com.fasterxml.jackson.databind.ObjectWriter.createGenerator(ObjectWriter.java:764)
	at com.fasterxml.jackson.databind.ObjectWriter.writeValue(ObjectWriter.java:1081)
	at com.safetynet.alerts.service.DataPersistenceService.updateDataFile(DataPersistenceService.java:43)
	at com.safetynet.alerts.service.PersonService.addPerson(PersonService.java:30)
	at com.safetynet.alerts.controller.PersonController.addPerson(PersonController.java:28)
	at java.base/jdk.internal.reflect.NativeMethodAccessorImpl.invoke0(Native Method)
	at java.base/jdk.internal.reflect.NativeMethodAccessorImpl.invoke(NativeMethodAccessorImpl.java:77)
	at java.base/jdk.internal.reflect.DelegatingMethodAccessorImpl.invoke(DelegatingMethodAccessorImpl.java:43)
	at java.base/java.lang.reflect.Method.invoke(Method.java:568)
	at org.springframework.web.method.support.InvocableHandlerMethod.doInvoke(InvocableHandlerMethod.java:258)
	at org.springframework.web.method.support.InvocableHandlerMethod.invokeForRequest(InvocableHandlerMethod.java:191)
	at org.springframework.web.servlet.mvc.method.annotation.ServletInvocableHandlerMethod.invokeAndHandle(ServletInvocableHandlerMethod.java:118)
	at org.springframework.web.servlet.mvc.method.annotation.RequestMappingHandlerAdapter.invokeHandlerMethod(RequestMappingHandlerAdapter.java:986)
	at org.springframework.web.servlet.mvc.method.annotation.RequestMappingHandlerAdapter.handleInternal(RequestMappingHandlerAdapter.java:891)
	at org.springframework.web.servlet.mvc.method.AbstractHandlerMethodAdapter.handle(AbstractHandlerMethodAdapter.java:87)
	at org.springframework.web.servlet.DispatcherServlet.doDispatch(DispatcherServlet.java:1089)
	at org.springframework.web.servlet.DispatcherServlet.doService(DispatcherServlet.java:979)
	at org.springframework.web.servlet.FrameworkServlet.processRequest(FrameworkServlet.java:1014)
	at org.springframework.web.servlet.FrameworkServlet.doPost(FrameworkServlet.java:914)
	at jakarta.servlet.http.HttpServlet.service(HttpServlet.java:590)
	at org.springframework.web.servlet.FrameworkServlet.service(FrameworkServlet.java:885)
	at jakarta.servlet.http.HttpServlet.service(HttpServlet.java:658)
	at org.apache.catalina.core.ApplicationFilterChain.internalDoFilter(ApplicationFilterChain.java:195)
	at org.apache.catalina.core.ApplicationFilterChain.doFilter(ApplicationFilterChain.java:140)
	at org.apache.tomcat.websocket.server.WsFilter.doFilter(WsFilter.java:51)
	at org.apache.catalina.core.ApplicationFilterChain.internalDoFilter(ApplicationFilterChain.java:164)
	at org.apache.catalina.core.ApplicationFilterChain.doFilter(ApplicationFilterChain.java:140)
	at org.springframework.web.filter.RequestContextFilter.doFilterInternal(RequestContextFilter.java:100)
	at org.springframework.web.filter.OncePerRequestFilter.doFilter(OncePerRequestFilter.java:116)
	at org.apache.catalina.core.ApplicationFilterChain.internalDoFilter(ApplicationFilterChain.java:164)
	at org.apache.catalina.core.ApplicationFilterChain.doFilter(ApplicationFilterChain.java:140)
	at org.springframework.web.filter.FormContentFilter.doFilterInternal(FormContentFilter.java:93)
	at org.springframework.web.filter.OncePerRequestFilter.doFilter(OncePerRequestFilter.java:116)
	at org.apache.catalina.core.ApplicationFilterChain.internalDoFilter(ApplicationFilterChain.java:164)
	at org.apache.catalina.core.ApplicationFilterChain.doFilter(ApplicationFilterChain.java:140)
	at org.springframework.web.filter.CharacterEncodingFilter.doFilterInternal(CharacterEncodingFilter.java:201)
	at org.springframework.web.filter.OncePerRequestFilter.doFilter(OncePerRequestFilter.java:116)
	at org.apache.catalina.core.ApplicationFilterChain.internalDoFilter(ApplicationFilterChain.java:164)
	at org.apache.catalina.core.ApplicationFilterChain.doFilter(ApplicationFilterChain.java:140)
	at org.apache.catalina.core.StandardWrapperValve.invoke(StandardWrapperValve.java:167)
	at org.apache.catalina.core.StandardContextValve.invoke(StandardContextValve.java:90)
	at org.apache.catalina.authenticator.AuthenticatorBase.invoke(AuthenticatorBase.java:483)
	at org.apache.catalina.core.StandardHostValve.invoke(StandardHostValve.java:115)
	at org.apache.catalina.valves.ErrorReportValve.invoke(ErrorReportValve.java:93)
	at org.apache.catalina.core.StandardEngineValve.invoke(StandardEngineValve.java:74)
	at org.apache.catalina.connector.CoyoteAdapter.service(CoyoteAdapter.java:344)
	at org.apache.coyote.http11.Http11Processor.service(Http11Processor.java:397)
	at org.apache.coyote.AbstractProcessorLight.process(AbstractProcessorLight.java:63)
	at org.apache.coyote.AbstractProtocol$ConnectionHandler.process(AbstractProtocol.java:905)
	at org.apache.tomcat.util.net.NioEndpoint$SocketProcessor.doRun(NioEndpoint.java:1743)
	at org.apache.tomcat.util.net.SocketProcessorBase.run(SocketProcessorBase.java:52)
	at org.apache.tomcat.util.threads.ThreadPoolExecutor.runWorker(ThreadPoolExecutor.java:1190)
	at org.apache.tomcat.util.threads.ThreadPoolExecutor$Worker.run(ThreadPoolExecutor.java:659)
	at org.apache.tomcat.util.threads.TaskThread$WrappingRunnable.run(TaskThread.java:63)
	at java.base/java.lang.Thread.run(Thread.java:833)
2025-05-03 07:49:04.792 [http-nio-8080-exec-1] ERROR c.s.a.service.DataPersistenceService - Erreur lors de la mise à jour du fichier data.json : alerts\alerts\src\ressources\data.json (Le chemin d’accès spécifié est introuvable)
java.io.FileNotFoundException: alerts\alerts\src\ressources\data.json (Le chemin d’accès spécifié est introuvable)
	at java.base/java.io.FileOutputStream.open0(Native Method)
	at java.base/java.io.FileOutputStream.open(FileOutputStream.java:293)
	at java.base/java.io.FileOutputStream.<init>(FileOutputStream.java:235)
	at java.base/java.io.FileOutputStream.<init>(FileOutputStream.java:184)
	at com.fasterxml.jackson.core.TokenStreamFactory._fileOutputStream(TokenStreamFactory.java:334)
	at com.fasterxml.jackson.core.JsonFactory.createGenerator(JsonFactory.java:1558)
	at com.fasterxml.jackson.databind.ObjectWriter.createGenerator(ObjectWriter.java:764)
	at com.fasterxml.jackson.databind.ObjectWriter.writeValue(ObjectWriter.java:1081)
	at com.safetynet.alerts.service.DataPersistenceService.updateDataFile(DataPersistenceService.java:43)
	at com.safetynet.alerts.service.PersonService.updatePerson(PersonService.java:38)
	at com.safetynet.alerts.controller.PersonController.updatePerson(PersonController.java:38)
	at java.base/jdk.internal.reflect.NativeMethodAccessorImpl.invoke0(Native Method)
	at java.base/jdk.internal.reflect.NativeMethodAccessorImpl.invoke(NativeMethodAccessorImpl.java:77)
	at java.base/jdk.internal.reflect.DelegatingMethodAccessorImpl.invoke(DelegatingMethodAccessorImpl.java:43)
	at java.base/java.lang.reflect.Method.invoke(Method.java:568)
	at org.springframework.web.method.support.InvocableHandlerMethod.doInvoke(InvocableHandlerMethod.java:258)
	at org.springframework.web.method.support.InvocableHandlerMethod.invokeForRequest(InvocableHandlerMethod.java:191)
	at org.springframework.web.servlet.mvc.method.annotation.ServletInvocableHandlerMethod.invokeAndHandle(ServletInvocableHandlerMethod.java:118)
	at org.springframework.web.servlet.mvc.method.annotation.RequestMappingHandlerAdapter.invokeHandlerMethod(RequestMappingHandlerAdapter.java:986)
	at org.springframework.web.servlet.mvc.method.annotation.RequestMappingHandlerAdapter.handleInternal(RequestMappingHandlerAdapter.java:891)
	at org.springframework.web.servlet.mvc.method.AbstractHandlerMethodAdapter.handle(AbstractHandlerMethodAdapter.java:87)
	at org.springframework.web.servlet.DispatcherServlet.doDispatch(DispatcherServlet.java:1089)
	at org.springframework.web.servlet.DispatcherServlet.doService(DispatcherServlet.java:979)
	at org.springframework.web.servlet.FrameworkServlet.processRequest(FrameworkServlet.java:1014)
	at org.springframework.web.servlet.FrameworkServlet.doPut(FrameworkServlet.java:925)
	at jakarta.servlet.http.HttpServlet.service(HttpServlet.java:593)
	at org.springframework.web.servlet.FrameworkServlet.service(FrameworkServlet.java:885)
	at jakarta.servlet.http.HttpServlet.service(HttpServlet.java:658)
	at org.apache.catalina.core.ApplicationFilterChain.internalDoFilter(ApplicationFilterChain.java:195)
	at org.apache.catalina.core.ApplicationFilterChain.doFilter(ApplicationFilterChain.java:140)
	at org.apache.tomcat.websocket.server.WsFilter.doFilter(WsFilter.java:51)
	at org.apache.catalina.core.ApplicationFilterChain.internalDoFilter(ApplicationFilterChain.java:164)
	at org.apache.catalina.core.ApplicationFilterChain.doFilter(ApplicationFilterChain.java:140)
	at org.springframework.web.filter.RequestContextFilter.doFilterInternal(RequestContextFilter.java:100)
	at org.springframework.web.filter.OncePerRequestFilter.doFilter(OncePerRequestFilter.java:116)
	at org.apache.catalina.core.ApplicationFilterChain.internalDoFilter(ApplicationFilterChain.java:164)
	at org.apache.catalina.core.ApplicationFilterChain.doFilter(ApplicationFilterChain.java:140)
	at org.springframework.web.filter.FormContentFilter.doFilterInternal(FormContentFilter.java:93)
	at org.springframework.web.filter.OncePerRequestFilter.doFilter(OncePerRequestFilter.java:116)
	at org.apache.catalina.core.ApplicationFilterChain.internalDoFilter(ApplicationFilterChain.java:164)
	at org.apache.catalina.core.ApplicationFilterChain.doFilter(ApplicationFilterChain.java:140)
	at org.springframework.web.filter.CharacterEncodingFilter.doFilterInternal(CharacterEncodingFilter.java:201)
	at org.springframework.web.filter.OncePerRequestFilter.doFilter(OncePerRequestFilter.java:116)
	at org.apache.catalina.core.ApplicationFilterChain.internalDoFilter(ApplicationFilterChain.java:164)
	at org.apache.catalina.core.ApplicationFilterChain.doFilter(ApplicationFilterChain.java:140)
	at org.apache.catalina.core.StandardWrapperValve.invoke(StandardWrapperValve.java:167)
	at org.apache.catalina.core.StandardContextValve.invoke(StandardContextValve.java:90)
	at org.apache.catalina.authenticator.AuthenticatorBase.invoke(AuthenticatorBase.java:483)
	at org.apache.catalina.core.StandardHostValve.invoke(StandardHostValve.java:115)
	at org.apache.catalina.valves.ErrorReportValve.invoke(ErrorReportValve.java:93)
	at org.apache.catalina.core.StandardEngineValve.invoke(StandardEngineValve.java:74)
	at org.apache.catalina.connector.CoyoteAdapter.service(CoyoteAdapter.java:344)
	at org.apache.coyote.http11.Http11Processor.service(Http11Processor.java:397)
	at org.apache.coyote.AbstractProcessorLight.process(AbstractProcessorLight.java:63)
	at org.apache.coyote.AbstractProtocol$ConnectionHandler.process(AbstractProtocol.java:905)
	at org.apache.tomcat.util.net.NioEndpoint$SocketProcessor.doRun(NioEndpoint.java:1743)
	at org.apache.tomcat.util.net.SocketProcessorBase.run(SocketProcessorBase.java:52)
	at org.apache.tomcat.util.threads.ThreadPoolExecutor.runWorker(ThreadPoolExecutor.java:1190)
	at org.apache.tomcat.util.threads.ThreadPoolExecutor$Worker.run(ThreadPoolExecutor.java:659)
	at org.apache.tomcat.util.threads.TaskThread$WrappingRunnable.run(TaskThread.java:63)
	at java.base/java.lang.Thread.run(Thread.java:833)
2025-05-03 07:49:21.699 [http-nio-8080-exec-2] ERROR c.s.a.service.DataPersistenceService - Erreur lors de la mise à jour du fichier data.json : alerts\alerts\src\ressources\data.json (Le chemin d’accès spécifié est introuvable)
java.io.FileNotFoundException: alerts\alerts\src\ressources\data.json (Le chemin d’accès spécifié est introuvable)
	at java.base/java.io.FileOutputStream.open0(Native Method)
	at java.base/java.io.FileOutputStream.open(FileOutputStream.java:293)
	at java.base/java.io.FileOutputStream.<init>(FileOutputStream.java:235)
	at java.base/java.io.FileOutputStream.<init>(FileOutputStream.java:184)
	at com.fasterxml.jackson.core.TokenStreamFactory._fileOutputStream(TokenStreamFactory.java:334)
	at com.fasterxml.jackson.core.JsonFactory.createGenerator(JsonFactory.java:1558)
	at com.fasterxml.jackson.databind.ObjectWriter.createGenerator(ObjectWriter.java:764)
	at com.fasterxml.jackson.databind.ObjectWriter.writeValue(ObjectWriter.java:1081)
	at com.safetynet.alerts.service.DataPersistenceService.updateDataFile(DataPersistenceService.java:43)
	at com.safetynet.alerts.service.PersonService.deletePerson(PersonService.java:46)
	at com.safetynet.alerts.controller.PersonController.deletePerson(PersonController.java:50)
	at java.base/jdk.internal.reflect.NativeMethodAccessorImpl.invoke0(Native Method)
	at java.base/jdk.internal.reflect.NativeMethodAccessorImpl.invoke(NativeMethodAccessorImpl.java:77)
	at java.base/jdk.internal.reflect.DelegatingMethodAccessorImpl.invoke(DelegatingMethodAccessorImpl.java:43)
	at java.base/java.lang.reflect.Method.invoke(Method.java:568)
	at org.springframework.web.method.support.InvocableHandlerMethod.doInvoke(InvocableHandlerMethod.java:258)
	at org.springframework.web.method.support.InvocableHandlerMethod.invokeForRequest(InvocableHandlerMethod.java:191)
	at org.springframework.web.servlet.mvc.method.annotation.ServletInvocableHandlerMethod.invokeAndHandle(ServletInvocableHandlerMethod.java:118)
	at org.springframework.web.servlet.mvc.method.annotation.RequestMappingHandlerAdapter.invokeHandlerMethod(RequestMappingHandlerAdapter.java:986)
	at org.springframework.web.servlet.mvc.method.annotation.RequestMappingHandlerAdapter.handleInternal(RequestMappingHandlerAdapter.java:891)
	at org.springframework.web.servlet.mvc.method.AbstractHandlerMethodAdapter.handle(AbstractHandlerMethodAdapter.java:87)
	at org.springframework.web.servlet.DispatcherServlet.doDispatch(DispatcherServlet.java:1089)
	at org.springframework.web.servlet.DispatcherServlet.doService(DispatcherServlet.java:979)
	at org.springframework.web.servlet.FrameworkServlet.processRequest(FrameworkServlet.java:1014)
	at org.springframework.web.servlet.FrameworkServlet.doDelete(FrameworkServlet.java:936)
	at jakarta.servlet.http.HttpServlet.service(HttpServlet.java:596)
	at org.springframework.web.servlet.FrameworkServlet.service(FrameworkServlet.java:885)
	at jakarta.servlet.http.HttpServlet.service(HttpServlet.java:658)
	at org.apache.catalina.core.ApplicationFilterChain.internalDoFilter(ApplicationFilterChain.java:195)
	at org.apache.catalina.core.ApplicationFilterChain.doFilter(ApplicationFilterChain.java:140)
	at org.apache.tomcat.websocket.server.WsFilter.doFilter(WsFilter.java:51)
	at org.apache.catalina.core.ApplicationFilterChain.internalDoFilter(ApplicationFilterChain.java:164)
	at org.apache.catalina.core.ApplicationFilterChain.doFilter(ApplicationFilterChain.java:140)
	at org.springframework.web.filter.RequestContextFilter.doFilterInternal(RequestContextFilter.java:100)
	at org.springframework.web.filter.OncePerRequestFilter.doFilter(OncePerRequestFilter.java:116)
	at org.apache.catalina.core.ApplicationFilterChain.internalDoFilter(ApplicationFilterChain.java:164)
	at org.apache.catalina.core.ApplicationFilterChain.doFilter(ApplicationFilterChain.java:140)
	at org.springframework.web.filter.FormContentFilter.doFilterInternal(FormContentFilter.java:93)
	at org.springframework.web.filter.OncePerRequestFilter.doFilter(OncePerRequestFilter.java:116)
	at org.apache.catalina.core.ApplicationFilterChain.internalDoFilter(ApplicationFilterChain.java:164)
	at org.apache.catalina.core.ApplicationFilterChain.doFilter(ApplicationFilterChain.java:140)
	at org.springframework.web.filter.CharacterEncodingFilter.doFilterInternal(CharacterEncodingFilter.java:201)
	at org.springframework.web.filter.OncePerRequestFilter.doFilter(OncePerRequestFilter.java:116)
	at org.apache.catalina.core.ApplicationFilterChain.internalDoFilter(ApplicationFilterChain.java:164)
	at org.apache.catalina.core.ApplicationFilterChain.doFilter(ApplicationFilterChain.java:140)
	at org.apache.catalina.core.StandardWrapperValve.invoke(StandardWrapperValve.java:167)
	at org.apache.catalina.core.StandardContextValve.invoke(StandardContextValve.java:90)
	at org.apache.catalina.authenticator.AuthenticatorBase.invoke(AuthenticatorBase.java:483)
	at org.apache.catalina.core.StandardHostValve.invoke(StandardHostValve.java:115)
	at org.apache.catalina.valves.ErrorReportValve.invoke(ErrorReportValve.java:93)
	at org.apache.catalina.core.StandardEngineValve.invoke(StandardEngineValve.java:74)
	at org.apache.catalina.connector.CoyoteAdapter.service(CoyoteAdapter.java:344)
	at org.apache.coyote.http11.Http11Processor.service(Http11Processor.java:397)
	at org.apache.coyote.AbstractProcessorLight.process(AbstractProcessorLight.java:63)
	at org.apache.coyote.AbstractProtocol$ConnectionHandler.process(AbstractProtocol.java:905)
	at org.apache.tomcat.util.net.NioEndpoint$SocketProcessor.doRun(NioEndpoint.java:1743)
	at org.apache.tomcat.util.net.SocketProcessorBase.run(SocketProcessorBase.java:52)
	at org.apache.tomcat.util.threads.ThreadPoolExecutor.runWorker(ThreadPoolExecutor.java:1190)
	at org.apache.tomcat.util.threads.ThreadPoolExecutor$Worker.run(ThreadPoolExecutor.java:659)
	at org.apache.tomcat.util.threads.TaskThread$WrappingRunnable.run(TaskThread.java:63)
	at java.base/java.lang.Thread.run(Thread.java:833)
2025-05-03 07:49:45.123 [http-nio-8080-exec-4] ERROR c.s.a.service.DataPersistenceService - Erreur lors de la mise à jour du fichier data.json : alerts\alerts\src\ressources\data.json (Le chemin d’accès spécifié est introuvable)
java.io.FileNotFoundException: alerts\alerts\src\ressources\data.json (Le chemin d’accès spécifié est introuvable)
	at java.base/java.io.FileOutputStream.open0(Native Method)
	at java.base/java.io.FileOutputStream.open(FileOutputStream.java:293)
	at java.base/java.io.FileOutputStream.<init>(FileOutputStream.java:235)
	at java.base/java.io.FileOutputStream.<init>(FileOutputStream.java:184)
	at com.fasterxml.jackson.core.TokenStreamFactory._fileOutputStream(TokenStreamFactory.java:334)
	at com.fasterxml.jackson.core.JsonFactory.createGenerator(JsonFactory.java:1558)
	at com.fasterxml.jackson.databind.ObjectWriter.createGenerator(ObjectWriter.java:764)
	at com.fasterxml.jackson.databind.ObjectWriter.writeValue(ObjectWriter.java:1081)
	at com.safetynet.alerts.service.DataPersistenceService.updateDataFile(DataPersistenceService.java:43)
	at com.safetynet.alerts.service.PersonService.addPerson(PersonService.java:30)
	at com.safetynet.alerts.controller.PersonController.addPerson(PersonController.java:28)
	at java.base/jdk.internal.reflect.NativeMethodAccessorImpl.invoke0(Native Method)
	at java.base/jdk.internal.reflect.NativeMethodAccessorImpl.invoke(NativeMethodAccessorImpl.java:77)
	at java.base/jdk.internal.reflect.DelegatingMethodAccessorImpl.invoke(DelegatingMethodAccessorImpl.java:43)
	at java.base/java.lang.reflect.Method.invoke(Method.java:568)
	at org.springframework.web.method.support.InvocableHandlerMethod.doInvoke(InvocableHandlerMethod.java:258)
	at org.springframework.web.method.support.InvocableHandlerMethod.invokeForRequest(InvocableHandlerMethod.java:191)
	at org.springframework.web.servlet.mvc.method.annotation.ServletInvocableHandlerMethod.invokeAndHandle(ServletInvocableHandlerMethod.java:118)
	at org.springframework.web.servlet.mvc.method.annotation.RequestMappingHandlerAdapter.invokeHandlerMethod(RequestMappingHandlerAdapter.java:986)
	at org.springframework.web.servlet.mvc.method.annotation.RequestMappingHandlerAdapter.handleInternal(RequestMappingHandlerAdapter.java:891)
	at org.springframework.web.servlet.mvc.method.AbstractHandlerMethodAdapter.handle(AbstractHandlerMethodAdapter.java:87)
	at org.springframework.web.servlet.DispatcherServlet.doDispatch(DispatcherServlet.java:1089)
	at org.springframework.web.servlet.DispatcherServlet.doService(DispatcherServlet.java:979)
	at org.springframework.web.servlet.FrameworkServlet.processRequest(FrameworkServlet.java:1014)
	at org.springframework.web.servlet.FrameworkServlet.doPost(FrameworkServlet.java:914)
	at jakarta.servlet.http.HttpServlet.service(HttpServlet.java:590)
	at org.springframework.web.servlet.FrameworkServlet.service(FrameworkServlet.java:885)
	at jakarta.servlet.http.HttpServlet.service(HttpServlet.java:658)
	at org.apache.catalina.core.ApplicationFilterChain.internalDoFilter(ApplicationFilterChain.java:195)
	at org.apache.catalina.core.ApplicationFilterChain.doFilter(ApplicationFilterChain.java:140)
	at org.apache.tomcat.websocket.server.WsFilter.doFilter(WsFilter.java:51)
	at org.apache.catalina.core.ApplicationFilterChain.internalDoFilter(ApplicationFilterChain.java:164)
	at org.apache.catalina.core.ApplicationFilterChain.doFilter(ApplicationFilterChain.java:140)
	at org.springframework.web.filter.RequestContextFilter.doFilterInternal(RequestContextFilter.java:100)
	at org.springframework.web.filter.OncePerRequestFilter.doFilter(OncePerRequestFilter.java:116)
	at org.apache.catalina.core.ApplicationFilterChain.internalDoFilter(ApplicationFilterChain.java:164)
	at org.apache.catalina.core.ApplicationFilterChain.doFilter(ApplicationFilterChain.java:140)
	at org.springframework.web.filter.FormContentFilter.doFilterInternal(FormContentFilter.java:93)
	at org.springframework.web.filter.OncePerRequestFilter.doFilter(OncePerRequestFilter.java:116)
	at org.apache.catalina.core.ApplicationFilterChain.internalDoFilter(ApplicationFilterChain.java:164)
	at org.apache.catalina.core.ApplicationFilterChain.doFilter(ApplicationFilterChain.java:140)
	at org.springframework.web.filter.CharacterEncodingFilter.doFilterInternal(CharacterEncodingFilter.java:201)
	at org.springframework.web.filter.OncePerRequestFilter.doFilter(OncePerRequestFilter.java:116)
	at org.apache.catalina.core.ApplicationFilterChain.internalDoFilter(ApplicationFilterChain.java:164)
	at org.apache.catalina.core.ApplicationFilterChain.doFilter(ApplicationFilterChain.java:140)
	at org.apache.catalina.core.StandardWrapperValve.invoke(StandardWrapperValve.java:167)
	at org.apache.catalina.core.StandardContextValve.invoke(StandardContextValve.java:90)
	at org.apache.catalina.authenticator.AuthenticatorBase.invoke(AuthenticatorBase.java:483)
	at org.apache.catalina.core.StandardHostValve.invoke(StandardHostValve.java:115)
	at org.apache.catalina.valves.ErrorReportValve.invoke(ErrorReportValve.java:93)
	at org.apache.catalina.core.StandardEngineValve.invoke(StandardEngineValve.java:74)
	at org.apache.catalina.connector.CoyoteAdapter.service(CoyoteAdapter.java:344)
	at org.apache.coyote.http11.Http11Processor.service(Http11Processor.java:397)
	at org.apache.coyote.AbstractProcessorLight.process(AbstractProcessorLight.java:63)
	at org.apache.coyote.AbstractProtocol$ConnectionHandler.process(AbstractProtocol.java:905)
	at org.apache.tomcat.util.net.NioEndpoint$SocketProcessor.doRun(NioEndpoint.java:1743)
	at org.apache.tomcat.util.net.SocketProcessorBase.run(SocketProcessorBase.java:52)
	at org.apache.tomcat.util.threads.ThreadPoolExecutor.runWorker(ThreadPoolExecutor.java:1190)
	at org.apache.tomcat.util.threads.ThreadPoolExecutor$Worker.run(ThreadPoolExecutor.java:659)
	at org.apache.tomcat.util.threads.TaskThread$WrappingRunnable.run(TaskThread.java:63)
	at java.base/java.lang.Thread.run(Thread.java:833)
2025-05-03 07:50:53.968 [http-nio-8080-exec-6] ERROR c.s.a.service.DataPersistenceService - Erreur lors de la mise à jour du fichier data.json : alerts\alerts\src\ressources\data.json (Le chemin d’accès spécifié est introuvable)
java.io.FileNotFoundException: alerts\alerts\src\ressources\data.json (Le chemin d’accès spécifié est introuvable)
	at java.base/java.io.FileOutputStream.open0(Native Method)
	at java.base/java.io.FileOutputStream.open(FileOutputStream.java:293)
	at java.base/java.io.FileOutputStream.<init>(FileOutputStream.java:235)
	at java.base/java.io.FileOutputStream.<init>(FileOutputStream.java:184)
	at com.fasterxml.jackson.core.TokenStreamFactory._fileOutputStream(TokenStreamFactory.java:334)
	at com.fasterxml.jackson.core.JsonFactory.createGenerator(JsonFactory.java:1558)
	at com.fasterxml.jackson.databind.ObjectWriter.createGenerator(ObjectWriter.java:764)
	at com.fasterxml.jackson.databind.ObjectWriter.writeValue(ObjectWriter.java:1081)
	at com.safetynet.alerts.service.DataPersistenceService.updateDataFile(DataPersistenceService.java:43)
	at com.safetynet.alerts.service.PersonService.updatePerson(PersonService.java:38)
	at com.safetynet.alerts.controller.PersonController.updatePerson(PersonController.java:38)
	at java.base/jdk.internal.reflect.NativeMethodAccessorImpl.invoke0(Native Method)
	at java.base/jdk.internal.reflect.NativeMethodAccessorImpl.invoke(NativeMethodAccessorImpl.java:77)
	at java.base/jdk.internal.reflect.DelegatingMethodAccessorImpl.invoke(DelegatingMethodAccessorImpl.java:43)
	at java.base/java.lang.reflect.Method.invoke(Method.java:568)
	at org.springframework.web.method.support.InvocableHandlerMethod.doInvoke(InvocableHandlerMethod.java:258)
	at org.springframework.web.method.support.InvocableHandlerMethod.invokeForRequest(InvocableHandlerMethod.java:191)
	at org.springframework.web.servlet.mvc.method.annotation.ServletInvocableHandlerMethod.invokeAndHandle(ServletInvocableHandlerMethod.java:118)
	at org.springframework.web.servlet.mvc.method.annotation.RequestMappingHandlerAdapter.invokeHandlerMethod(RequestMappingHandlerAdapter.java:986)
	at org.springframework.web.servlet.mvc.method.annotation.RequestMappingHandlerAdapter.handleInternal(RequestMappingHandlerAdapter.java:891)
	at org.springframework.web.servlet.mvc.method.AbstractHandlerMethodAdapter.handle(AbstractHandlerMethodAdapter.java:87)
	at org.springframework.web.servlet.DispatcherServlet.doDispatch(DispatcherServlet.java:1089)
	at org.springframework.web.servlet.DispatcherServlet.doService(DispatcherServlet.java:979)
	at org.springframework.web.servlet.FrameworkServlet.processRequest(FrameworkServlet.java:1014)
	at org.springframework.web.servlet.FrameworkServlet.doPut(FrameworkServlet.java:925)
	at jakarta.servlet.http.HttpServlet.service(HttpServlet.java:593)
	at org.springframework.web.servlet.FrameworkServlet.service(FrameworkServlet.java:885)
	at jakarta.servlet.http.HttpServlet.service(HttpServlet.java:658)
	at org.apache.catalina.core.ApplicationFilterChain.internalDoFilter(ApplicationFilterChain.java:195)
	at org.apache.catalina.core.ApplicationFilterChain.doFilter(ApplicationFilterChain.java:140)
	at org.apache.tomcat.websocket.server.WsFilter.doFilter(WsFilter.java:51)
	at org.apache.catalina.core.ApplicationFilterChain.internalDoFilter(ApplicationFilterChain.java:164)
	at org.apache.catalina.core.ApplicationFilterChain.doFilter(ApplicationFilterChain.java:140)
	at org.springframework.web.filter.RequestContextFilter.doFilterInternal(RequestContextFilter.java:100)
	at org.springframework.web.filter.OncePerRequestFilter.doFilter(OncePerRequestFilter.java:116)
	at org.apache.catalina.core.ApplicationFilterChain.internalDoFilter(ApplicationFilterChain.java:164)
	at org.apache.catalina.core.ApplicationFilterChain.doFilter(ApplicationFilterChain.java:140)
	at org.springframework.web.filter.FormContentFilter.doFilterInternal(FormContentFilter.java:93)
	at org.springframework.web.filter.OncePerRequestFilter.doFilter(OncePerRequestFilter.java:116)
	at org.apache.catalina.core.ApplicationFilterChain.internalDoFilter(ApplicationFilterChain.java:164)
	at org.apache.catalina.core.ApplicationFilterChain.doFilter(ApplicationFilterChain.java:140)
	at org.springframework.web.filter.CharacterEncodingFilter.doFilterInternal(CharacterEncodingFilter.java:201)
	at org.springframework.web.filter.OncePerRequestFilter.doFilter(OncePerRequestFilter.java:116)
	at org.apache.catalina.core.ApplicationFilterChain.internalDoFilter(ApplicationFilterChain.java:164)
	at org.apache.catalina.core.ApplicationFilterChain.doFilter(ApplicationFilterChain.java:140)
	at org.apache.catalina.core.StandardWrapperValve.invoke(StandardWrapperValve.java:167)
	at org.apache.catalina.core.StandardContextValve.invoke(StandardContextValve.java:90)
	at org.apache.catalina.authenticator.AuthenticatorBase.invoke(AuthenticatorBase.java:483)
	at org.apache.catalina.core.StandardHostValve.invoke(StandardHostValve.java:115)
	at org.apache.catalina.valves.ErrorReportValve.invoke(ErrorReportValve.java:93)
	at org.apache.catalina.core.StandardEngineValve.invoke(StandardEngineValve.java:74)
	at org.apache.catalina.connector.CoyoteAdapter.service(CoyoteAdapter.java:344)
	at org.apache.coyote.http11.Http11Processor.service(Http11Processor.java:397)
	at org.apache.coyote.AbstractProcessorLight.process(AbstractProcessorLight.java:63)
	at org.apache.coyote.AbstractProtocol$ConnectionHandler.process(AbstractProtocol.java:905)
	at org.apache.tomcat.util.net.NioEndpoint$SocketProcessor.doRun(NioEndpoint.java:1743)
	at org.apache.tomcat.util.net.SocketProcessorBase.run(SocketProcessorBase.java:52)
	at org.apache.tomcat.util.threads.ThreadPoolExecutor.runWorker(ThreadPoolExecutor.java:1190)
	at org.apache.tomcat.util.threads.ThreadPoolExecutor$Worker.run(ThreadPoolExecutor.java:659)
	at org.apache.tomcat.util.threads.TaskThread$WrappingRunnable.run(TaskThread.java:63)
	at java.base/java.lang.Thread.run(Thread.java:833)
2025-05-03 08:37:26.358 [main] INFO  c.s.a.SafetynetAlertsApplication - Starting SafetynetAlertsApplication using Java 17 with PID 23920 (C:\Users\Johan Labbe\Desktop\workspace\Java\OC\SafetyNet\alerts\alerts\target\classes started by Johan Labbe in C:\Users\Johan Labbe\Desktop\workspace\Java\OC\SafetyNet)
2025-05-03 08:37:26.361 [main] DEBUG c.s.a.SafetynetAlertsApplication - Running with Spring Boot v3.4.4, Spring v6.2.5
2025-05-03 08:37:26.362 [main] INFO  c.s.a.SafetynetAlertsApplication - No active profile set, falling back to 1 default profile: "default"
2025-05-03 08:37:27.322 [main] INFO  o.s.b.w.e.tomcat.TomcatWebServer - Tomcat initialized with port 8080 (http)
2025-05-03 08:37:27.331 [main] INFO  o.a.coyote.http11.Http11NioProtocol - Initializing ProtocolHandler ["http-nio-8080"]
2025-05-03 08:37:27.333 [main] INFO  o.a.catalina.core.StandardService - Starting service [Tomcat]
2025-05-03 08:37:27.334 [main] INFO  o.a.catalina.core.StandardEngine - Starting Servlet engine: [Apache Tomcat/10.1.39]
2025-05-03 08:37:27.384 [main] INFO  o.a.c.c.C.[Tomcat].[localhost].[/] - Initializing Spring embedded WebApplicationContext
2025-05-03 08:37:27.385 [main] INFO  o.s.b.w.s.c.ServletWebServerApplicationContext - Root WebApplicationContext: initialization completed in 975 ms
2025-05-03 08:37:27.460 [main] DEBUG c.safetynet.alerts.loader.DataLoader - Début du chargement des données depuis data.json.
2025-05-03 08:37:27.460 [main] DEBUG c.safetynet.alerts.loader.DataLoader - Les repositories ont été vidés.
2025-05-03 08:37:27.461 [main] DEBUG c.safetynet.alerts.loader.DataLoader - Lecture du fichier data.json en cours...
2025-05-03 08:37:27.519 [main] INFO  c.safetynet.alerts.loader.DataLoader - Chargement de 23 personnes
2025-05-03 08:37:27.521 [main] DEBUG c.safetynet.alerts.loader.DataLoader - Personne sauvegardée : John Boyd
2025-05-03 08:37:27.522 [main] DEBUG c.safetynet.alerts.loader.DataLoader - Personne sauvegardée : Jacob Boyd
2025-05-03 08:37:27.522 [main] DEBUG c.safetynet.alerts.loader.DataLoader - Personne sauvegardée : Tenley Boyd
2025-05-03 08:37:27.522 [main] DEBUG c.safetynet.alerts.loader.DataLoader - Personne sauvegardée : Roger Boyd
2025-05-03 08:37:27.522 [main] DEBUG c.safetynet.alerts.loader.DataLoader - Personne sauvegardée : Felicia Boyd
2025-05-03 08:37:27.522 [main] DEBUG c.safetynet.alerts.loader.DataLoader - Personne sauvegardée : Jonanathan Marrack
2025-05-03 08:37:27.522 [main] DEBUG c.safetynet.alerts.loader.DataLoader - Personne sauvegardée : Tessa Carman
2025-05-03 08:37:27.523 [main] DEBUG c.safetynet.alerts.loader.DataLoader - Personne sauvegardée : Peter Duncan
2025-05-03 08:37:27.523 [main] DEBUG c.safetynet.alerts.loader.DataLoader - Personne sauvegardée : Foster Shepard
2025-05-03 08:37:27.523 [main] DEBUG c.safetynet.alerts.loader.DataLoader - Personne sauvegardée : Tony Cooper
2025-05-03 08:37:27.523 [main] DEBUG c.safetynet.alerts.loader.DataLoader - Personne sauvegardée : Lily Cooper
2025-05-03 08:37:27.523 [main] DEBUG c.safetynet.alerts.loader.DataLoader - Personne sauvegardée : Sophia Zemicks
2025-05-03 08:37:27.523 [main] DEBUG c.safetynet.alerts.loader.DataLoader - Personne sauvegardée : Warren Zemicks
2025-05-03 08:37:27.523 [main] DEBUG c.safetynet.alerts.loader.DataLoader - Personne sauvegardée : Zach Zemicks
2025-05-03 08:37:27.523 [main] DEBUG c.safetynet.alerts.loader.DataLoader - Personne sauvegardée : Reginold Walker
2025-05-03 08:37:27.524 [main] DEBUG c.safetynet.alerts.loader.DataLoader - Personne sauvegardée : Jamie Peters
2025-05-03 08:37:27.524 [main] DEBUG c.safetynet.alerts.loader.DataLoader - Personne sauvegardée : Ron Peters
2025-05-03 08:37:27.524 [main] DEBUG c.safetynet.alerts.loader.DataLoader - Personne sauvegardée : Allison Boyd
2025-05-03 08:37:27.524 [main] DEBUG c.safetynet.alerts.loader.DataLoader - Personne sauvegardée : Brian Stelzer
2025-05-03 08:37:27.524 [main] DEBUG c.safetynet.alerts.loader.DataLoader - Personne sauvegardée : Shawna Stelzer
2025-05-03 08:37:27.524 [main] DEBUG c.safetynet.alerts.loader.DataLoader - Personne sauvegardée : Kendrik Stelzer
2025-05-03 08:37:27.525 [main] DEBUG c.safetynet.alerts.loader.DataLoader - Personne sauvegardée : Clive Ferguson
2025-05-03 08:37:27.525 [main] DEBUG c.safetynet.alerts.loader.DataLoader - Personne sauvegardée : Eric Cadigan
2025-05-03 08:37:27.525 [main] INFO  c.safetynet.alerts.loader.DataLoader - Chargement de 23 dossiers médicaux
2025-05-03 08:37:27.525 [main] DEBUG c.safetynet.alerts.loader.DataLoader - Dossier médical associé à : John Boyd
2025-05-03 08:37:27.525 [main] DEBUG c.safetynet.alerts.loader.DataLoader - Dossier médical associé à : Jacob Boyd
2025-05-03 08:37:27.525 [main] DEBUG c.safetynet.alerts.loader.DataLoader - Dossier médical associé à : Tenley Boyd
2025-05-03 08:37:27.525 [main] DEBUG c.safetynet.alerts.loader.DataLoader - Dossier médical associé à : Roger Boyd
2025-05-03 08:37:27.525 [main] DEBUG c.safetynet.alerts.loader.DataLoader - Dossier médical associé à : Felicia Boyd
2025-05-03 08:37:27.525 [main] DEBUG c.safetynet.alerts.loader.DataLoader - Dossier médical associé à : Jonanathan Marrack
2025-05-03 08:37:27.526 [main] DEBUG c.safetynet.alerts.loader.DataLoader - Dossier médical associé à : Tessa Carman
2025-05-03 08:37:27.526 [main] DEBUG c.safetynet.alerts.loader.DataLoader - Dossier médical associé à : Peter Duncan
2025-05-03 08:37:27.526 [main] DEBUG c.safetynet.alerts.loader.DataLoader - Dossier médical associé à : Foster Shepard
2025-05-03 08:37:27.526 [main] DEBUG c.safetynet.alerts.loader.DataLoader - Dossier médical associé à : Tony Cooper
2025-05-03 08:37:27.526 [main] DEBUG c.safetynet.alerts.loader.DataLoader - Dossier médical associé à : Lily Cooper
2025-05-03 08:37:27.526 [main] DEBUG c.safetynet.alerts.loader.DataLoader - Dossier médical associé à : Sophia Zemicks
2025-05-03 08:37:27.526 [main] DEBUG c.safetynet.alerts.loader.DataLoader - Dossier médical associé à : Warren Zemicks
2025-05-03 08:37:27.526 [main] DEBUG c.safetynet.alerts.loader.DataLoader - Dossier médical associé à : Zach Zemicks
2025-05-03 08:37:27.526 [main] DEBUG c.safetynet.alerts.loader.DataLoader - Dossier médical associé à : Reginold Walker
2025-05-03 08:37:27.527 [main] DEBUG c.safetynet.alerts.loader.DataLoader - Dossier médical associé à : Jamie Peters
2025-05-03 08:37:27.527 [main] DEBUG c.safetynet.alerts.loader.DataLoader - Dossier médical associé à : Ron Peters
2025-05-03 08:37:27.527 [main] DEBUG c.safetynet.alerts.loader.DataLoader - Dossier médical associé à : Allison Boyd
2025-05-03 08:37:27.527 [main] DEBUG c.safetynet.alerts.loader.DataLoader - Dossier médical associé à : Brian Stelzer
2025-05-03 08:37:27.527 [main] DEBUG c.safetynet.alerts.loader.DataLoader - Dossier médical associé à : Shawna Stelzer
2025-05-03 08:37:27.527 [main] DEBUG c.safetynet.alerts.loader.DataLoader - Dossier médical associé à : Kendrik Stelzer
2025-05-03 08:37:27.528 [main] DEBUG c.safetynet.alerts.loader.DataLoader - Dossier médical associé à : Clive Ferguson
2025-05-03 08:37:27.528 [main] DEBUG c.safetynet.alerts.loader.DataLoader - Dossier médical associé à : Eric Cadigan
2025-05-03 08:37:27.528 [main] INFO  c.safetynet.alerts.loader.DataLoader - Chargement de 13 casernes
2025-05-03 08:37:27.529 [main] DEBUG c.safetynet.alerts.loader.DataLoader - Caserne '3' associée à 5 personnes
2025-05-03 08:37:27.529 [main] DEBUG c.safetynet.alerts.loader.DataLoader - Caserne '2' associée à 1 personnes
2025-05-03 08:37:27.529 [main] DEBUG c.safetynet.alerts.loader.DataLoader - Caserne '3' associée à 1 personnes
2025-05-03 08:37:27.529 [main] DEBUG c.safetynet.alerts.loader.DataLoader - Caserne '1' associée à 1 personnes
2025-05-03 08:37:27.529 [main] DEBUG c.safetynet.alerts.loader.DataLoader - Caserne '3' associée à 2 personnes
2025-05-03 08:37:27.530 [main] DEBUG c.safetynet.alerts.loader.DataLoader - Caserne '3' associée à 3 personnes
2025-05-03 08:37:27.530 [main] DEBUG c.safetynet.alerts.loader.DataLoader - Caserne '4' associée à 1 personnes
2025-05-03 08:37:27.530 [main] DEBUG c.safetynet.alerts.loader.DataLoader - Caserne '2' associée à 3 personnes
2025-05-03 08:37:27.530 [main] DEBUG c.safetynet.alerts.loader.DataLoader - Caserne '1' associée à 2 personnes
2025-05-03 08:37:27.530 [main] DEBUG c.safetynet.alerts.loader.DataLoader - Caserne '4' associée à 3 personnes
2025-05-03 08:37:27.530 [main] DEBUG c.safetynet.alerts.loader.DataLoader - Caserne '1' associée à 3 personnes
2025-05-03 08:37:27.531 [main] DEBUG c.safetynet.alerts.loader.DataLoader - Caserne '3' associée à 2 personnes
2025-05-03 08:37:27.531 [main] DEBUG c.safetynet.alerts.loader.DataLoader - Caserne '2' associée à 1 personnes
2025-05-03 08:37:27.531 [main] INFO  c.safetynet.alerts.loader.DataLoader - Données chargées (data.json) avec succès.
2025-05-03 08:37:27.886 [main] INFO  o.a.coyote.http11.Http11NioProtocol - Starting ProtocolHandler ["http-nio-8080"]
2025-05-03 08:37:27.903 [main] INFO  o.s.b.w.e.tomcat.TomcatWebServer - Tomcat started on port 8080 (http) with context path '/'
2025-05-03 08:37:27.910 [main] INFO  c.s.a.SafetynetAlertsApplication - Started SafetynetAlertsApplication in 2.03 seconds (process running for 2.303)
2025-05-03 08:37:32.703 [http-nio-8080-exec-1] INFO  o.a.c.c.C.[Tomcat].[localhost].[/] - Initializing Spring DispatcherServlet 'dispatcherServlet'
2025-05-03 08:37:32.704 [http-nio-8080-exec-1] INFO  o.s.web.servlet.DispatcherServlet - Initializing Servlet 'dispatcherServlet'
2025-05-03 08:37:32.704 [http-nio-8080-exec-1] INFO  o.s.web.servlet.DispatcherServlet - Completed initialization in 0 ms
